#! /usr/local/iverilog/bin/vvp
:ivl_version "11.0 (devel)" "(s20150603-642-g3bdb50da)";
:ivl_delay_selection "TYPICAL";
:vpi_time_precision + 0;
:vpi_module "system";
:vpi_module "vhdl_sys";
:vpi_module "vhdl_textio";
:vpi_module "v2005_math";
:vpi_module "va_math";
S_0000000001002d20 .scope module, "alu" "alu" 2 1;
 .timescale 0 0;
    .port_info 0 /INPUT 16 "a";
    .port_info 1 /INPUT 16 "b";
    .port_info 2 /INPUT 3 "control";
    .port_info 3 /OUTPUT 16 "result";
    .port_info 4 /OUTPUT 1 "iszero";
L_0000000001078c38 .functor BUFT 1, C4<0000000000000000>, C4<0>, C4<0>, C4<0>;
v0000000001002eb0_0 .net/2u *"_s0", 15 0, L_0000000001078c38;  1 drivers
v0000000001002f50_0 .net *"_s2", 0 0, L_0000000001032db0;  1 drivers
L_0000000001078c80 .functor BUFT 1, C4<1>, C4<0>, C4<0>, C4<0>;
v0000000001002ff0_0 .net/2u *"_s4", 0 0, L_0000000001078c80;  1 drivers
L_0000000001078cc8 .functor BUFT 1, C4<0>, C4<0>, C4<0>, C4<0>;
v0000000001003090_0 .net/2u *"_s6", 0 0, L_0000000001078cc8;  1 drivers
o0000000001038098 .functor BUFZ 16, C4<zzzzzzzzzzzzzzzz>; HiZ drive
v000000000110caa0_0 .net "a", 15 0, o0000000001038098;  0 drivers
o00000000010380c8 .functor BUFZ 16, C4<zzzzzzzzzzzzzzzz>; HiZ drive
v000000000110cb40_0 .net "b", 15 0, o00000000010380c8;  0 drivers
o00000000010380f8 .functor BUFZ 3, C4<zzz>; HiZ drive
v000000000110cbe0_0 .net "control", 2 0, o00000000010380f8;  0 drivers
v000000000110cc80_0 .net "iszero", 0 0, L_00000000010334e0;  1 drivers
v000000000110cd20_0 .var "result", 15 0;
E_0000000001034b20 .event edge, v000000000110cbe0_0, v000000000110caa0_0, v000000000110cb40_0;
L_0000000001032db0 .cmp/eq 16, v000000000110cd20_0, L_0000000001078c38;
L_00000000010334e0 .functor MUXZ 1, L_0000000001078cc8, L_0000000001078c80, L_0000000001032db0, C4<>;
    .scope S_0000000001002d20;
T_0 ;
    %wait E_0000000001034b20;
    %load/vec4 v000000000110cbe0_0;
    %dup/vec4;
    %pushi/vec4 0, 0, 3;
    %cmp/u;
    %jmp/1 T_0.0, 6;
    %dup/vec4;
    %pushi/vec4 1, 0, 3;
    %cmp/u;
    %jmp/1 T_0.1, 6;
    %dup/vec4;
    %pushi/vec4 2, 0, 3;
    %cmp/u;
    %jmp/1 T_0.2, 6;
    %dup/vec4;
    %pushi/vec4 3, 0, 3;
    %cmp/u;
    %jmp/1 T_0.3, 6;
    %dup/vec4;
    %pushi/vec4 4, 0, 3;
    %cmp/u;
    %jmp/1 T_0.4, 6;
    %dup/vec4;
    %pushi/vec4 5, 0, 3;
    %cmp/u;
    %jmp/1 T_0.5, 6;
    %dup/vec4;
    %pushi/vec4 6, 0, 3;
    %cmp/u;
    %jmp/1 T_0.6, 6;
    %dup/vec4;
    %pushi/vec4 7, 0, 3;
    %cmp/u;
    %jmp/1 T_0.7, 6;
    %load/vec4 v000000000110caa0_0;
    %load/vec4 v000000000110cb40_0;
    %add;
    %store/vec4 v000000000110cd20_0, 0, 16;
    %jmp T_0.9;
T_0.0 ;
    %load/vec4 v000000000110caa0_0;
    %load/vec4 v000000000110cb40_0;
    %add;
    %store/vec4 v000000000110cd20_0, 0, 16;
    %jmp T_0.9;
T_0.1 ;
    %load/vec4 v000000000110caa0_0;
    %load/vec4 v000000000110cb40_0;
    %sub;
    %store/vec4 v000000000110cd20_0, 0, 16;
    %jmp T_0.9;
T_0.2 ;
    %load/vec4 v000000000110caa0_0;
    %inv;
    %store/vec4 v000000000110cd20_0, 0, 16;
    %jmp T_0.9;
T_0.3 ;
    %load/vec4 v000000000110caa0_0;
    %ix/getv 4, v000000000110cb40_0;
    %shiftl 4;
    %store/vec4 v000000000110cd20_0, 0, 16;
    %jmp T_0.9;
T_0.4 ;
    %load/vec4 v000000000110caa0_0;
    %ix/getv 4, v000000000110cb40_0;
    %shiftr 4;
    %store/vec4 v000000000110cd20_0, 0, 16;
    %jmp T_0.9;
T_0.5 ;
    %load/vec4 v000000000110caa0_0;
    %load/vec4 v000000000110cb40_0;
    %and;
    %store/vec4 v000000000110cd20_0, 0, 16;
    %jmp T_0.9;
T_0.6 ;
    %load/vec4 v000000000110caa0_0;
    %load/vec4 v000000000110cb40_0;
    %or;
    %store/vec4 v000000000110cd20_0, 0, 16;
    %jmp T_0.9;
T_0.7 ;
    %load/vec4 v000000000110caa0_0;
    %load/vec4 v000000000110cb40_0;
    %cmp/u;
    %jmp/0xz  T_0.10, 5;
    %pushi/vec4 1, 0, 16;
    %store/vec4 v000000000110cd20_0, 0, 16;
    %jmp T_0.11;
T_0.10 ;
    %pushi/vec4 0, 0, 16;
    %store/vec4 v000000000110cd20_0, 0, 16;
T_0.11 ;
    %jmp T_0.9;
T_0.9 ;
    %pop/vec4 1;
    %jmp T_0;
    .thread T_0, $push;
# The file index is used to find the file name in the following table.
:file_names 3;
    "N/A";
    "<interactive>";
    "alu.v";
