#! /usr/local/iverilog/bin/vvp
:ivl_version "11.0 (devel)" "(s20150603-642-g3bdb50da)";
:ivl_delay_selection "TYPICAL";
:vpi_time_precision + 0;
:vpi_module "system";
:vpi_module "vhdl_sys";
:vpi_module "vhdl_textio";
:vpi_module "v2005_math";
:vpi_module "va_math";
S_0000000000842d20 .scope module, "alucontrol" "alucontrol" 2 1;
 .timescale 0 0;
    .port_info 0 /INPUT 2 "alu_op";
    .port_info 1 /INPUT 4 "opcode";
    .port_info 2 /OUTPUT 1 "alu_cnt";
v0000000000876e80_0 .net *"_s1", 5 0, L_0000000000843090;  1 drivers
v0000000000842eb0_0 .var "alu_cnt", 0 0;
o0000000000876f88 .functor BUFZ 2, C4<zz>; HiZ drive
v0000000000842f50_0 .net "alu_op", 1 0, o0000000000876f88;  0 drivers
o0000000000876fb8 .functor BUFZ 4, C4<zzzz>; HiZ drive
v0000000000842ff0_0 .net "opcode", 3 0, o0000000000876fb8;  0 drivers
E_0000000000875020 .event edge, L_0000000000843090;
L_0000000000843090 .concat [ 4 2 0 0], o0000000000876fb8, o0000000000876f88;
    .scope S_0000000000842d20;
T_0 ;
    %wait E_0000000000875020;
    %load/vec4 v0000000000842f50_0;
    %load/vec4 v0000000000842ff0_0;
    %concat/vec4; draw_concat_vec4
    %dup/vec4;
    %pushi/vec4 47, 15, 6;
    %cmp/x;
    %jmp/1 T_0.0, 4;
    %dup/vec4;
    %pushi/vec4 31, 15, 6;
    %cmp/x;
    %jmp/1 T_0.1, 4;
    %dup/vec4;
    %pushi/vec4 2, 0, 6;
    %cmp/x;
    %jmp/1 T_0.2, 4;
    %dup/vec4;
    %pushi/vec4 3, 0, 6;
    %cmp/x;
    %jmp/1 T_0.3, 4;
    %dup/vec4;
    %pushi/vec4 4, 0, 6;
    %cmp/x;
    %jmp/1 T_0.4, 4;
    %dup/vec4;
    %pushi/vec4 5, 0, 6;
    %cmp/x;
    %jmp/1 T_0.5, 4;
    %dup/vec4;
    %pushi/vec4 6, 0, 6;
    %cmp/x;
    %jmp/1 T_0.6, 4;
    %dup/vec4;
    %pushi/vec4 7, 0, 6;
    %cmp/x;
    %jmp/1 T_0.7, 4;
    %dup/vec4;
    %pushi/vec4 8, 0, 6;
    %cmp/x;
    %jmp/1 T_0.8, 4;
    %dup/vec4;
    %pushi/vec4 9, 0, 6;
    %cmp/x;
    %jmp/1 T_0.9, 4;
    %pushi/vec4 0, 0, 1;
    %store/vec4 v0000000000842eb0_0, 0, 1;
    %jmp T_0.11;
T_0.0 ;
    %pushi/vec4 0, 0, 1;
    %store/vec4 v0000000000842eb0_0, 0, 1;
    %jmp T_0.11;
T_0.1 ;
    %pushi/vec4 1, 0, 1;
    %store/vec4 v0000000000842eb0_0, 0, 1;
    %jmp T_0.11;
T_0.2 ;
    %pushi/vec4 0, 0, 1;
    %store/vec4 v0000000000842eb0_0, 0, 1;
    %jmp T_0.11;
T_0.3 ;
    %pushi/vec4 1, 0, 1;
    %store/vec4 v0000000000842eb0_0, 0, 1;
    %jmp T_0.11;
T_0.4 ;
    %pushi/vec4 0, 0, 1;
    %store/vec4 v0000000000842eb0_0, 0, 1;
    %jmp T_0.11;
T_0.5 ;
    %pushi/vec4 1, 0, 1;
    %store/vec4 v0000000000842eb0_0, 0, 1;
    %jmp T_0.11;
T_0.6 ;
    %pushi/vec4 0, 0, 1;
    %store/vec4 v0000000000842eb0_0, 0, 1;
    %jmp T_0.11;
T_0.7 ;
    %pushi/vec4 1, 0, 1;
    %store/vec4 v0000000000842eb0_0, 0, 1;
    %jmp T_0.11;
T_0.8 ;
    %pushi/vec4 0, 0, 1;
    %store/vec4 v0000000000842eb0_0, 0, 1;
    %jmp T_0.11;
T_0.9 ;
    %pushi/vec4 1, 0, 1;
    %store/vec4 v0000000000842eb0_0, 0, 1;
    %jmp T_0.11;
T_0.11 ;
    %pop/vec4 1;
    %jmp T_0;
    .thread T_0, $push;
# The file index is used to find the file name in the following table.
:file_names 3;
    "N/A";
    "<interactive>";
    "alucontrol.v";
