#! /usr/local/iverilog/bin/vvp
:ivl_version "11.0 (devel)" "(s20150603-642-g3bdb50da)";
:ivl_delay_selection "TYPICAL";
:vpi_time_precision + 0;
:vpi_module "system";
:vpi_module "vhdl_sys";
:vpi_module "vhdl_textio";
:vpi_module "v2005_math";
:vpi_module "va_math";
S_00000000011eb9a0 .scope module, "datamemory" "datamemory" 2 1;
 .timescale 0 0;
    .port_info 0 /INPUT 1 "clk";
    .port_info 1 /INPUT 16 "mem_address";
    .port_info 2 /INPUT 16 "mem_write_data";
    .port_info 3 /INPUT 1 "mem_write_enable";
    .port_info 4 /INPUT 1 "mem_read_enable";
    .port_info 5 /OUTPUT 16 "mem_read_data";
v0000000001002d90_0 .net *"_s0", 15 0, L_000000000107bca0;  1 drivers
L_000000000107bd48 .functor BUFT 1, C4<0000000000000000>, C4<0>, C4<0>, C4<0>;
v0000000001002e30_0 .net/2u *"_s2", 15 0, L_000000000107bd48;  1 drivers
o00000000010245a8 .functor BUFZ 1, C4<z>; HiZ drive
v0000000001002ed0_0 .net "clk", 0 0, o00000000010245a8;  0 drivers
o00000000010245d8 .functor BUFZ 16, C4<zzzzzzzzzzzzzzzz>; HiZ drive
v0000000001002f70_0 .net "mem_address", 15 0, o00000000010245d8;  0 drivers
v0000000001003010_0 .net "mem_read_data", 15 0, L_00000000010d3d60;  1 drivers
o0000000001024638 .functor BUFZ 1, C4<z>; HiZ drive
v00000000010030b0_0 .net "mem_read_enable", 0 0, o0000000001024638;  0 drivers
o0000000001024668 .functor BUFZ 16, C4<zzzzzzzzzzzzzzzz>; HiZ drive
v000000000107ba30_0 .net "mem_write_data", 15 0, o0000000001024668;  0 drivers
o0000000001024698 .functor BUFZ 1, C4<z>; HiZ drive
v000000000107bad0_0 .net "mem_write_enable", 0 0, o0000000001024698;  0 drivers
v000000000107bb70 .array "memory", 0 7, 15 0;
E_00000000011ea010 .event posedge, v0000000001002ed0_0;
L_000000000107bca0 .array/port v000000000107bb70, o00000000010245d8;
L_00000000010d3d60 .functor MUXZ 16, L_000000000107bd48, L_000000000107bca0, o0000000001024698, C4<>;
    .scope S_00000000011eb9a0;
T_0 ;
    %vpi_call 2 9 "$readmemb", "./memory/datamemory.txt", v000000000107bb70 {0 0 0};
    %end;
    .thread T_0;
    .scope S_00000000011eb9a0;
T_1 ;
    %wait E_00000000011ea010;
    %load/vec4 v000000000107bad0_0;
    %flag_set/vec4 8;
    %jmp/0xz  T_1.0, 8;
    %load/vec4 v000000000107ba30_0;
    %ix/getv 3, v0000000001002f70_0;
    %ix/load 4, 0, 0; Constant delay
    %assign/vec4/a/d v000000000107bb70, 0, 4;
T_1.0 ;
    %jmp T_1;
    .thread T_1;
# The file index is used to find the file name in the following table.
:file_names 3;
    "N/A";
    "<interactive>";
    "datamemory.v";
