#! /usr/local/iverilog/bin/vvp
:ivl_version "11.0 (devel)" "(s20150603-642-g3bdb50da)";
:ivl_delay_selection "TYPICAL";
:vpi_time_precision + 0;
:vpi_module "system";
:vpi_module "vhdl_sys";
:vpi_module "vhdl_textio";
:vpi_module "v2005_math";
:vpi_module "va_math";
S_0000000000842d20 .scope module, "gpr" "gpr" 2 1;
 .timescale 0 0;
    .port_info 0 /INPUT 1 "clk";
    .port_info 1 /INPUT 1 "we";
    .port_info 2 /INPUT 3 "rs1";
    .port_info 3 /INPUT 3 "rs2";
    .port_info 4 /INPUT 3 "ws";
    .port_info 5 /INPUT 3 "wd";
    .port_info 6 /OUTPUT 16 "rd1";
    .port_info 7 /OUTPUT 16 "rd2";
L_0000000000873e20 .functor BUFZ 16, L_00000000008c0e30, C4<0000000000000000>, C4<0000000000000000>, C4<0000000000000000>;
L_00000000008742a0 .functor BUFZ 16, L_00000000008c04d0, C4<0000000000000000>, C4<0000000000000000>, C4<0000000000000000>;
v0000000000842f40_0 .net *"_s0", 15 0, L_00000000008c0e30;  1 drivers
v00000000009dce10_0 .net *"_s10", 4 0, L_00000000008c0f70;  1 drivers
L_00000000008c1080 .functor BUFT 1, C4<00>, C4<0>, C4<0>, C4<0>;
v0000000000842fe0_0 .net *"_s13", 1 0, L_00000000008c1080;  1 drivers
v0000000000843080_0 .net *"_s2", 4 0, L_00000000008c02f0;  1 drivers
L_00000000008c1038 .functor BUFT 1, C4<00>, C4<0>, C4<0>, C4<0>;
v00000000008735d0_0 .net *"_s5", 1 0, L_00000000008c1038;  1 drivers
v0000000000873670_0 .net *"_s8", 15 0, L_00000000008c04d0;  1 drivers
o00000000008770b8 .functor BUFZ 1, C4<z>; HiZ drive
v0000000000873710_0 .net "clk", 0 0, o00000000008770b8;  0 drivers
v00000000008737b0 .array "gprarray", 0 7, 15 0;
v0000000000873850_0 .var/i "i", 31 0;
v0000000000873980_0 .net "rd1", 15 0, L_0000000000873e20;  1 drivers
v00000000008c09d0_0 .net "rd2", 15 0, L_00000000008742a0;  1 drivers
o0000000000877178 .functor BUFZ 3, C4<zzz>; HiZ drive
v00000000008c07f0_0 .net "rs1", 2 0, o0000000000877178;  0 drivers
o00000000008771a8 .functor BUFZ 3, C4<zzz>; HiZ drive
v00000000008c0890_0 .net "rs2", 2 0, o00000000008771a8;  0 drivers
o00000000008771d8 .functor BUFZ 3, C4<zzz>; HiZ drive
v00000000008c0070_0 .net "wd", 2 0, o00000000008771d8;  0 drivers
o0000000000877208 .functor BUFZ 1, C4<z>; HiZ drive
v00000000008c0430_0 .net "we", 0 0, o0000000000877208;  0 drivers
o0000000000877238 .functor BUFZ 3, C4<zzz>; HiZ drive
v00000000008c0a70_0 .net "ws", 2 0, o0000000000877238;  0 drivers
E_00000000008748a0 .event posedge, v0000000000873710_0;
L_00000000008c0e30 .array/port v00000000008737b0, L_00000000008c02f0;
L_00000000008c02f0 .concat [ 3 2 0 0], o0000000000877178, L_00000000008c1038;
L_00000000008c04d0 .array/port v00000000008737b0, L_00000000008c0f70;
L_00000000008c0f70 .concat [ 3 2 0 0], o00000000008771a8, L_00000000008c1080;
    .scope S_0000000000842d20;
T_0 ;
    %pushi/vec4 0, 0, 32;
    %store/vec4 v0000000000873850_0, 0, 32;
T_0.0 ;
    %load/vec4 v0000000000873850_0;
    %cmpi/s 8, 0, 32;
    %jmp/0xz T_0.1, 5;
    %pushi/vec4 0, 0, 16;
    %ix/getv/s 3, v0000000000873850_0;
    %ix/load 4, 0, 0; Constant delay
    %assign/vec4/a/d v00000000008737b0, 0, 4;
    ; show_stmt_assign_vector: Get l-value for compressed += operand
    %load/vec4 v0000000000873850_0;
    %pushi/vec4 1, 0, 32;
    %add;
    %store/vec4 v0000000000873850_0, 0, 32;
    %jmp T_0.0;
T_0.1 ;
    %end;
    .thread T_0;
    .scope S_0000000000842d20;
T_1 ;
    %wait E_00000000008748a0;
    %load/vec4 v00000000008c0430_0;
    %flag_set/vec4 8;
    %jmp/0xz  T_1.0, 8;
    %load/vec4 v00000000008c0070_0;
    %pad/u 16;
    %load/vec4 v00000000008c0a70_0;
    %pad/u 5;
    %ix/vec4 3;
    %ix/load 4, 0, 0; Constant delay
    %assign/vec4/a/d v00000000008737b0, 0, 4;
T_1.0 ;
    %jmp T_1;
    .thread T_1;
# The file index is used to find the file name in the following table.
:file_names 3;
    "N/A";
    "<interactive>";
    "gpr.v";
