#! /usr/local/iverilog/bin/vvp
:ivl_version "11.0 (devel)" "(s20150603-642-g3bdb50da)";
:ivl_delay_selection "TYPICAL";
:vpi_time_precision + 0;
:vpi_module "system";
:vpi_module "vhdl_sys";
:vpi_module "vhdl_textio";
:vpi_module "v2005_math";
:vpi_module "va_math";
S_0000000000842d20 .scope module, "instructionmemory" "instructionmemory" 2 1;
 .timescale 0 0;
    .port_info 0 /INPUT 16 "pc";
    .port_info 1 /OUTPUT 16 "instruction";
L_00000000001ace80 .functor BUFZ 16, L_00000000008b3b50, C4<0000000000000000>, C4<0000000000000000>, C4<0000000000000000>;
v00000000001ab1b0_0 .net *"_s0", 15 0, L_00000000008b3b50;  1 drivers
L_00000000008b3bf8 .functor BUFT 1, C4<0>, C4<0>, C4<0>, C4<0>;
v0000000000842eb0_0 .net/2u *"_s2", 0 0, L_00000000008b3bf8;  1 drivers
v0000000000842f50_0 .net *"_s5", 14 0, L_00000000008fbc00;  1 drivers
v0000000000842ff0_0 .net *"_s6", 15 0, L_00000000008fbca0;  1 drivers
v0000000000843090_0 .net "instruction", 15 0, L_00000000001ace80;  1 drivers
v00000000008b3a10 .array "memory", 0 5, 15 0;
o0000000000864638 .functor BUFZ 16, C4<zzzzzzzzzzzzzzzz>; HiZ drive
v00000000008b3ab0_0 .net "pc", 15 0, o0000000000864638;  0 drivers
L_00000000008b3b50 .array/port v00000000008b3a10, L_00000000008fbca0;
L_00000000008fbc00 .part o0000000000864638, 1, 15;
L_00000000008fbca0 .concat [ 15 1 0 0], L_00000000008fbc00, L_00000000008b3bf8;
    .scope S_0000000000842d20;
T_0 ;
    %vpi_call 2 10 "$readmemb", "./memory/instructionmemory.txt", v00000000008b3a10 {0 0 0};
    %vpi_call 2 11 "$displayb", &A<v00000000008b3a10, 1> {0 0 0};
    %vpi_call 2 12 "$displayb", &PV<v0000000000843090_0, 1, 1> {0 0 0};
    %end;
    .thread T_0;
# The file index is used to find the file name in the following table.
:file_names 3;
    "N/A";
    "<interactive>";
    "instructionmemory.v";
